<?xml version="1.0" encoding="UTF-8"?>
<!-- Generated by org.testng.reporters.JUnitXMLReporter -->
<testsuite hostname="VDQADEV01-G67N6" name="JagdPantherTests" tests="7" failures="0" timestamp="5 Feb 2015 20:00:13 GMT" time="29.272" errors="0">
  <testcase name="verifyANewProgramIsCreated" time="3.377" classname="tests.VerifyProgramCreation"/>
  <testcase name="verifyANewProgramIsCreated" time="3.627" classname="tests.VerifyProgramCreation"/>
  <testcase name="verifyNewStageIsCreated" time="3.044" classname="tests.VerifyStageCreation"/>
  <testcase name="verifyNewStageIsCreated" time="3.291" classname="tests.VerifyStageCreation"/>
  <testcase name="verifyNewStageIsCreated" time="4.299" classname="tests.VerifyStageCreation"/>
  <testcase name="verifyNewUserIsCreated" time="4.484" classname="tests.VerifyUserCreation"/>
  <testcase name="verifyNewUserIsCreated" time="5.369" classname="tests.VerifyUserCreation"/>
</testsuite> <!-- JagdPantherTests -->
