<?xml version="1.0" encoding="UTF-8"?>
<!-- Generated by org.testng.reporters.JUnitXMLReporter -->
<testsuite hostname="VDQADEV01-G67N6" name="JagdPanther Tests" tests="5" failures="0" timestamp="11 Feb 2015 00:09:52 GMT" time="26.603" errors="0">
  <testcase name="verifyAProgramIsEdited" time="5.914" classname="tests.VerifyProgramEdition"/>
  <testcase name="verifyAProgramIsEdited" time="6.031" classname="tests.VerifyProgramEdition"/>
  <testcase name="verifyNewStageIsCreated" time="4.47" classname="tests.VerifyStageCreation"/>
  <testcase name="verifyNewStageIsCreated" time="4.135" classname="tests.VerifyStageCreation"/>
  <testcase name="verifyNewStageIsCreated" time="4.322" classname="tests.VerifyStageCreation"/>
</testsuite> <!-- JagdPanther Tests -->
