<?xml version="1.0" encoding="UTF-8"?>
<!-- Generated by org.testng.reporters.JUnitXMLReporter -->
<testsuite hostname="VDQADEV01-G67N6" name="Login Test" tests="7" failures="0" timestamp="2 Feb 2015 18:22:57 GMT" time="33.367" errors="0">
  <testcase name="test" time="5.243" classname="tests.VerifyProgramCreation"/>
  <testcase name="test" time="5.062" classname="tests.VerifyProgramCreation"/>
  <testcase name="verifyNewStageIsCreated" time="3.247" classname="tests.VerifyStageCreation"/>
  <testcase name="verifyNewStageIsCreated" time="3.678" classname="tests.VerifyStageCreation"/>
  <testcase name="verifyNewStageIsCreated" time="3.795" classname="tests.VerifyStageCreation"/>
  <testcase name="verifyNewUserIsCreated" time="5.265" classname="tests.VerifyUserCreation"/>
  <testcase name="verifyNewUserIsCreated" time="5.308" classname="tests.VerifyUserCreation"/>
</testsuite> <!-- Login Test -->
