<?xml version="1.0" encoding="UTF-8"?>
<testng-results skipped="0" failed="0" total="7" passed="7">
  <reporter-output>
  </reporter-output>
  <suite name="JagdPantherSuite" duration-ms="40024" started-at="2015-02-01T23:43:14Z" finished-at="2015-02-01T23:43:54Z">
    <groups>
    </groups>
    <test name="Login Test" duration-ms="40024" started-at="2015-02-01T23:43:14Z" finished-at="2015-02-01T23:43:54Z">
      <class name="tests.VerifyUserCreation">
        <test-method status="PASS" signature="verifyNewUserIsCreated(java.lang.String, java.lang.String, java.lang.String, java.lang.String)[pri:0, instance:tests.VerifyUserCreation@7d417077]" name="verifyNewUserIsCreated" duration-ms="4889" started-at="2015-02-01T19:43:44Z" data-provider="UserData" finished-at="2015-02-01T19:43:48Z">
          <params>
            <param index="0">
              <value>
                <![CDATA[98764554]]>
              </value>
            </param>
            <param index="1">
              <value>
                <![CDATA[ProgramTitle2]]>
              </value>
            </param>
            <param index="2">
              <value>
                <![CDATA[ProgramDescription2]]>
              </value>
            </param>
            <param index="3">
              <value>
                <![CDATA[csdom@comp.com]]>
              </value>
            </param>
          </params>
          <reporter-output>
          </reporter-output>
        </test-method> <!-- verifyNewUserIsCreated -->
        <test-method status="PASS" signature="verifyNewUserIsCreated(java.lang.String, java.lang.String, java.lang.String, java.lang.String)[pri:0, instance:tests.VerifyUserCreation@7d417077]" name="verifyNewUserIsCreated" duration-ms="5333" started-at="2015-02-01T19:43:48Z" data-provider="UserData" finished-at="2015-02-01T19:43:54Z">
          <params>
            <param index="0">
              <value>
                <![CDATA[98464531]]>
              </value>
            </param>
            <param index="1">
              <value>
                <![CDATA[ProgramTitle3]]>
              </value>
            </param>
            <param index="2">
              <value>
                <![CDATA[ProgramDescription3]]>
              </value>
            </param>
            <param index="3">
              <value>
                <![CDATA[csafdom@coafmp.com]]>
              </value>
            </param>
          </params>
          <reporter-output>
          </reporter-output>
        </test-method> <!-- verifyNewUserIsCreated -->
      </class> <!-- tests.VerifyUserCreation -->
      <class name="tests.VerifyProgramCreation">
        <test-method status="PASS" signature="setUp()[pri:0, instance:tests.VerifyProgramCreation@3cb5cdba]" name="setUp" is-config="true" duration-ms="494" started-at="2015-02-01T19:43:14Z" finished-at="2015-02-01T19:43:14Z">
          <reporter-output>
          </reporter-output>
        </test-method> <!-- setUp -->
        <test-method status="PASS" signature="setUp()[pri:0, instance:tests.VerifyStageCreation@5a39699c]" name="setUp" is-config="true" duration-ms="72" started-at="2015-02-01T19:43:14Z" finished-at="2015-02-01T19:43:14Z">
          <reporter-output>
          </reporter-output>
        </test-method> <!-- setUp -->
        <test-method status="PASS" signature="setUp()[pri:0, instance:tests.VerifyUserCreation@7d417077]" name="setUp" is-config="true" duration-ms="28" started-at="2015-02-01T19:43:14Z" finished-at="2015-02-01T19:43:14Z">
          <reporter-output>
          </reporter-output>
        </test-method> <!-- setUp -->
        <test-method status="PASS" signature="test(java.lang.String, java.lang.String, java.lang.String)[pri:0, instance:tests.VerifyProgramCreation@3cb5cdba]" name="test" duration-ms="6629" started-at="2015-02-01T19:43:14Z" data-provider="ProgramCreation" finished-at="2015-02-01T19:43:21Z">
          <params>
            <param index="0">
              <value>
                <![CDATA[ProgramName2A]]>
              </value>
            </param>
            <param index="1">
              <value>
                <![CDATA[ProgramTitle2]]>
              </value>
            </param>
            <param index="2">
              <value>
                <![CDATA[ProgramDescription2]]>
              </value>
            </param>
          </params>
          <reporter-output>
          </reporter-output>
        </test-method> <!-- test -->
        <test-method status="PASS" signature="test(java.lang.String, java.lang.String, java.lang.String)[pri:0, instance:tests.VerifyProgramCreation@3cb5cdba]" name="test" duration-ms="6334" started-at="2015-02-01T19:43:21Z" data-provider="ProgramCreation" finished-at="2015-02-01T19:43:27Z">
          <params>
            <param index="0">
              <value>
                <![CDATA[ProgramName3A]]>
              </value>
            </param>
            <param index="1">
              <value>
                <![CDATA[ProgramTitle3]]>
              </value>
            </param>
            <param index="2">
              <value>
                <![CDATA[ProgramDescription3]]>
              </value>
            </param>
          </params>
          <reporter-output>
          </reporter-output>
        </test-method> <!-- test -->
        <test-method status="PASS" signature="closeConnection()[pri:0, instance:tests.VerifyProgramCreation@3cb5cdba]" name="closeConnection" is-config="true" duration-ms="5" started-at="2015-02-01T19:43:54Z" finished-at="2015-02-01T19:43:54Z">
          <reporter-output>
          </reporter-output>
        </test-method> <!-- closeConnection -->
        <test-method status="PASS" signature="tearDown()[pri:0, instance:tests.VerifyStageCreation@5a39699c]" name="tearDown" is-config="true" duration-ms="6" started-at="2015-02-01T19:43:54Z" finished-at="2015-02-01T19:43:54Z">
          <reporter-output>
          </reporter-output>
        </test-method> <!-- tearDown -->
        <test-method status="PASS" signature="tearDown()[pri:0, instance:tests.VerifyUserCreation@7d417077]" name="tearDown" is-config="true" duration-ms="6" started-at="2015-02-01T19:43:54Z" finished-at="2015-02-01T19:43:54Z">
          <reporter-output>
          </reporter-output>
        </test-method> <!-- tearDown -->
      </class> <!-- tests.VerifyProgramCreation -->
      <class name="tests.StartTest">
        <test-method status="PASS" signature="init()[pri:0, instance:tests.StartTest@7e0babb1]" name="init" is-config="true" duration-ms="13425" started-at="2015-02-01T19:43:00Z" finished-at="2015-02-01T19:43:14Z">
          <reporter-output>
          </reporter-output>
        </test-method> <!-- init -->
        <test-method status="PASS" signature="quit()[pri:0, instance:tests.StartTest@7e0babb1]" name="quit" is-config="true" duration-ms="2334" started-at="2015-02-01T19:43:54Z" finished-at="2015-02-01T19:43:56Z">
          <reporter-output>
          </reporter-output>
        </test-method> <!-- quit -->
      </class> <!-- tests.StartTest -->
      <class name="tests.VerifyStageCreation">
        <test-method status="PASS" signature="verifyNewStageIsCreated(java.lang.String, java.lang.String, java.lang.String)[pri:0, instance:tests.VerifyStageCreation@5a39699c]" name="verifyNewStageIsCreated" duration-ms="4323" started-at="2015-02-01T19:43:29Z" data-provider="StageDataXlsx" finished-at="2015-02-01T19:43:33Z">
          <params>
            <param index="0">
              <value>
                <![CDATA[Name1]]>
              </value>
            </param>
            <param index="1">
              <value>
                <![CDATA[Title1]]>
              </value>
            </param>
            <param index="2">
              <value>
                <![CDATA[Description1]]>
              </value>
            </param>
          </params>
          <reporter-output>
          </reporter-output>
        </test-method> <!-- verifyNewStageIsCreated -->
        <test-method status="PASS" signature="verifyNewStageIsCreated(java.lang.String, java.lang.String, java.lang.String)[pri:0, instance:tests.VerifyStageCreation@5a39699c]" name="verifyNewStageIsCreated" duration-ms="4672" started-at="2015-02-01T19:43:33Z" data-provider="StageDataXlsx" finished-at="2015-02-01T19:43:38Z">
          <params>
            <param index="0">
              <value>
                <![CDATA[Name2]]>
              </value>
            </param>
            <param index="1">
              <value>
                <![CDATA[Title2]]>
              </value>
            </param>
            <param index="2">
              <value>
                <![CDATA[Description2]]>
              </value>
            </param>
          </params>
          <reporter-output>
          </reporter-output>
        </test-method> <!-- verifyNewStageIsCreated -->
        <test-method status="PASS" signature="verifyNewStageIsCreated(java.lang.String, java.lang.String, java.lang.String)[pri:0, instance:tests.VerifyStageCreation@5a39699c]" name="verifyNewStageIsCreated" duration-ms="6013" started-at="2015-02-01T19:43:38Z" data-provider="StageDataXlsx" finished-at="2015-02-01T19:43:44Z">
          <params>
            <param index="0">
              <value>
                <![CDATA[Name3]]>
              </value>
            </param>
            <param index="1">
              <value>
                <![CDATA[Title3]]>
              </value>
            </param>
            <param index="2">
              <value>
                <![CDATA[Description3]]>
              </value>
            </param>
          </params>
          <reporter-output>
          </reporter-output>
        </test-method> <!-- verifyNewStageIsCreated -->
      </class> <!-- tests.VerifyStageCreation -->
    </test> <!-- Login Test -->
  </suite> <!-- JagdPantherSuite -->
</testng-results>
